<?xml version="1.0" encoding="UTF-8"?>
<!-- Generated by org.testng.reporters.JUnitReportReporter -->
<testsuite skipped="0" hostname="RayhanMP" name="test.AmazonTest" tests="1" failures="0" timestamp="2020-07-22T20:13:35 PDT" time="5.196" errors="0">
  <testcase name="amzTest" time="5.196" classname="test.AmazonTest"/>
</testsuite> <!-- test.AmazonTest -->
